<?xml version="1.0" encoding="UTF-8"?>
<testsuite xmlns:xsi="http://www.w3.org/2001/XMLSchema-instance" xsi:noNamespaceSchemaLocation="https://maven.apache.org/surefire/maven-surefire-plugin/xsd/surefire-test-report.xsd" version="3.0.2" name="com.task.management.TaskManagementApplicationTests" time="7.502" tests="1" errors="0" skipped="0" failures="0">
  <properties>
[...]
</properties>
  <testcase name="contextLoads" classname="com.task.management.TaskManagementApplicationTests" time="0.9">
    <system-out><![CDATA[22:25:19.662 [main] INFO org.springframework.test.context.support.AnnotationConfigContextLoaderUtils -- Could not detect default configuration classes for test class [com.task.management.TaskManagementApplicationTests]: TaskManagementApplicationTests does not declare any static, non-private, non-final, nested classes annotated with @Configuration.
22:25:19.827 [main] INFO org.springframework.boot.test.context.SpringBootTestContextBootstrapper -- Found @SpringBootConfiguration com.task.management.TaskManagementApplication for test class com.task.management.TaskManagementApplicationTests
22:25:20.094 [main] INFO org.springframework.boot.devtools.restart.RestartApplicationListener -- Restart disabled due to context in which it is running

  .   ____          _            __ _ _
 /\\ / ___'_ __ _ _(_)_ __  __ _ \ \ \ \
( ( )\___ | '_ | '_| | '_ \/ _` | \ \ \ \
 \\/  ___)| |_)| | | | | || (_| |  ) ) ) )
  '  |____| .__|_| |_|_| |_\__, | / / / /
 =========|_|==============|___/=/_/_/_/

 :: Spring Boot ::                (v3.4.1)

2025-01-17T22:25:20.597+05:30  INFO 77952 --- [Task-Management] [           main] c.t.m.TaskManagementApplicationTests     : Starting TaskManagementApplicationTests using Java 22.0.1 with PID 77952 (started by YB11226846 in C:\DDrive\My-Project\Task-Management)
2025-01-17T22:25:20.599+05:30  INFO 77952 --- [Task-Management] [           main] c.t.m.TaskManagementApplicationTests     : No active profile set, falling back to 1 default profile: "default"
2025-01-17T22:25:21.464+05:30  INFO 77952 --- [Task-Management] [           main] .s.d.r.c.RepositoryConfigurationDelegate : Bootstrapping Spring Data JPA repositories in DEFAULT mode.
2025-01-17T22:25:21.540+05:30  INFO 77952 --- [Task-Management] [           main] .s.d.r.c.RepositoryConfigurationDelegate : Finished Spring Data repository scanning in 63 ms. Found 1 JPA repository interface.
2025-01-17T22:25:22.214+05:30  INFO 77952 --- [Task-Management] [           main] o.hibernate.jpa.internal.util.LogHelper  : HHH000204: Processing PersistenceUnitInfo [name: default]
2025-01-17T22:25:22.437+05:30  INFO 77952 --- [Task-Management] [           main] org.hibernate.Version                    : HHH000412: Hibernate ORM core version 6.6.4.Final
2025-01-17T22:25:22.510+05:30  INFO 77952 --- [Task-Management] [           main] o.h.c.internal.RegionFactoryInitiator    : HHH000026: Second-level cache disabled
2025-01-17T22:25:23.068+05:30  INFO 77952 --- [Task-Management] [           main] o.s.o.j.p.SpringPersistenceUnitInfo      : No LoadTimeWeaver setup: ignoring JPA class transformer
2025-01-17T22:25:23.121+05:30  INFO 77952 --- [Task-Management] [           main] com.zaxxer.hikari.HikariDataSource       : HikariPool-1 - Starting...
2025-01-17T22:25:23.526+05:30  INFO 77952 --- [Task-Management] [           main] com.zaxxer.hikari.pool.HikariPool        : HikariPool-1 - Added connection org.postgresql.jdbc.PgConnection@66d2885c
2025-01-17T22:25:23.528+05:30  INFO 77952 --- [Task-Management] [           main] com.zaxxer.hikari.HikariDataSource       : HikariPool-1 - Start completed.
2025-01-17T22:25:23.608+05:30  WARN 77952 --- [Task-Management] [           main] org.hibernate.orm.deprecation            : HHH90000025: PostgreSQLDialect does not need to be specified explicitly using 'hibernate.dialect' (remove the property setting and it will be selected by default)
2025-01-17T22:25:23.635+05:30  INFO 77952 --- [Task-Management] [           main] org.hibernate.orm.connections.pooling    : HHH10001005: Database info:
	Database JDBC URL [Connecting through datasource 'HikariDataSource (HikariPool-1)']
	Database driver: undefined/unknown
	Database version: 15.7
	Autocommit mode: undefined/unknown
	Isolation level: undefined/unknown
	Minimum pool size: undefined/unknown
	Maximum pool size: undefined/unknown
2025-01-17T22:25:24.898+05:30  INFO 77952 --- [Task-Management] [           main] o.h.e.t.j.p.i.JtaPlatformInitiator       : HHH000489: No JTA platform available (set 'hibernate.transaction.jta.platform' to enable JTA platform integration)
Hibernate: create table user_master (user_id integer not null, address varchar(255), contact_number varchar(255), email varchar(255), name varchar(255), primary key (user_id))
2025-01-17T22:25:24.978+05:30  INFO 77952 --- [Task-Management] [           main] j.LocalContainerEntityManagerFactoryBean : Initialized JPA EntityManagerFactory for persistence unit 'default'
2025-01-17T22:25:25.447+05:30  WARN 77952 --- [Task-Management] [           main] JpaBaseConfiguration$JpaWebConfiguration : spring.jpa.open-in-view is enabled by default. Therefore, database queries may be performed during view rendering. Explicitly configure spring.jpa.open-in-view to disable this warning
2025-01-17T22:25:25.959+05:30  INFO 77952 --- [Task-Management] [           main] c.t.m.TaskManagementApplicationTests     : Started TaskManagementApplicationTests in 5.896 seconds (process running for 7.821)
]]></system-out>
    <system-err><![CDATA[Mockito is currently self-attaching to enable the inline-mock-maker. This will no longer work in future releases of the JDK. Please add Mockito as an agent to your build what is described in Mockito's documentation: https://javadoc.io/doc/org.mockito/mockito-core/latest/org/mockito/Mockito.html#0.3
WARNING: A Java agent has been loaded dynamically (C:\Users\YB11226846\.m2\repository\net\bytebuddy\byte-buddy-agent\1.15.11\byte-buddy-agent-1.15.11.jar)
WARNING: If a serviceability tool is in use, please run with -XX:+EnableDynamicAgentLoading to hide this warning
WARNING: If a serviceability tool is not in use, please run with -Djdk.instrument.traceUsage for more information
WARNING: Dynamic loading of agents will be disallowed by default in a future release
]]></system-err>
  </testcase>
</testsuite>